Added Component: Designator=R?(RES-SMD-0101)
Add component. Clean all parameters for all variants
Add component (AddParameter): Name = "Class"; Value = "Passive"; VariantName = "[No Variations]"
Add component (AddParameter): Name = "Manufacturer"; Value = "Generic Components"; VariantName = "[No Variations]"
Add component (AddParameter): Name = "Published"; Value = "08/06/2000"; VariantName = "[No Variations]"
Add component (AddParameter): Name = "Publisher"; Value = "Altium Hobart Technology Centre"; VariantName = "[No Variations]"
Added Pin To Net: NetName=NetR?_1 Pin=R?-1
Added Pin To Net: NetName=NetR?_1 Pin=U?-30
Added Net: Name=NetR?_1
Added Member To Class: ClassName=Power Member=Component C? 220uF
Added Member To Class: ClassName=Power Member=Component C? 100nF
Added Member To Class: ClassName=Power Member=Component C? 100nF
Added Member To Class: ClassName=Power Member=Component C? 100nF
Added Member To Class: ClassName=Power Member=Component C? 100nF
Added Member To Class: ClassName=Power Member=Component C? 470nF
Added Member To Class: ClassName=Power Member=Component C? 100nF
Added Member To Class: ClassName=Power Member=Component IC? FS8205A
Added Member To Class: ClassName=Power Member=Component IC? TP4056
Added Member To Class: ClassName=Power Member=Component IC? RT9013
Added Member To Class: ClassName=Power Member=Component J? VBAT_IN
Added Member To Class: ClassName=Power Member=Component J? Jumper2
Added Member To Class: ClassName=Power Member=Component LED? LED
Added Member To Class: ClassName=Power Member=Component LED? 
Added Member To Class: ClassName=MCU Member=Component R? Resistor - SMD
Added Member To Class: ClassName=Power Member=Component R? 1k2
Added Member To Class: ClassName=Power Member=Component R? 1k
Added Member To Class: ClassName=Power Member=Component R? 1k
Added Member To Class: ClassName=Power Member=Component R? 1k
Added Member To Class: ClassName=Power Member=Component R? 0.1k
Added Member To Class: ClassName=Power Member=Component R? 100k
Added Member To Class: ClassName=Power Member=Component R? 1k
Added Member To Class: ClassName=Power Member=Component R? 10k
Added Room: Name=MCU
Added Room: Name=Power
